2026-07-22 09:42:48,020 INFO o.a.j.u.JMeterUtils: Setting Locale to en_EN
2026-07-22 09:42:48,035 INFO o.a.j.JMeter: Loading user properties from: C:\Training\PlaywrightTrainings\May_2026\playwright-tdd-framework\tests\load\jmeter\bin\user.properties
2026-07-22 09:42:48,036 INFO o.a.j.JMeter: Loading system properties from: C:\Training\PlaywrightTrainings\May_2026\playwright-tdd-framework\tests\load\jmeter\bin\system.properties
2026-07-22 09:42:48,042 INFO o.a.j.JMeter: Copyright (c) 1998-2024 The Apache Software Foundation
2026-07-22 09:42:48,042 INFO o.a.j.JMeter: Version 5.6.3
2026-07-22 09:42:48,042 INFO o.a.j.JMeter: java.version=25.0.1
2026-07-22 09:42:48,042 INFO o.a.j.JMeter: java.vm.name=Java HotSpot(TM) 64-Bit Server VM
2026-07-22 09:42:48,042 INFO o.a.j.JMeter: os.name=Windows 11
2026-07-22 09:42:48,042 INFO o.a.j.JMeter: os.arch=amd64
2026-07-22 09:42:48,042 INFO o.a.j.JMeter: os.version=10.0
2026-07-22 09:42:48,042 INFO o.a.j.JMeter: file.encoding=UTF-8
2026-07-22 09:42:48,042 INFO o.a.j.JMeter: java.awt.headless=true
2026-07-22 09:42:48,042 INFO o.a.j.JMeter: Max memory     =1073741824
2026-07-22 09:42:48,042 INFO o.a.j.JMeter: Available Processors =8
2026-07-22 09:42:48,054 INFO o.a.j.JMeter: Default Locale=English (EN)
2026-07-22 09:42:48,055 INFO o.a.j.JMeter: JMeter  Locale=English (EN)
2026-07-22 09:42:48,055 INFO o.a.j.JMeter: JMeterHome=C:\Training\PlaywrightTrainings\May_2026\playwright-tdd-framework\tests\load\jmeter
2026-07-22 09:42:48,055 INFO o.a.j.JMeter: user.dir  =C:\Training\PlaywrightTrainings\May_2026\playwright-tdd-framework
2026-07-22 09:42:48,055 INFO o.a.j.JMeter: PWD       =C:\Training\PlaywrightTrainings\May_2026\playwright-tdd-framework
2026-07-22 09:42:48,056 INFO o.a.j.JMeter: IP: 192.168.88.10 Name: BharathReddy FullName: BharathReddy
2026-07-22 09:42:48,065 INFO o.a.j.JMeter: Setting property 'jmeter.reportgenerator.outputdir' to:'C:\Training\PlaywrightTrainings\May_2026\playwright-tdd-framework\tests\load\jmeter\report-output'
2026-07-22 09:42:48,067 INFO o.a.j.r.d.ReportGenerator: ReportGenerator will use for Parsing the separator: ','
2026-07-22 09:42:48,068 INFO o.a.j.r.d.ReportGenerator: Will only generate report from results file: C:\Training\PlaywrightTrainings\May_2026\playwright-tdd-framework/tests/load/jmeter/results/TestResults_1784693551854.csv
2026-07-22 09:42:48,068 INFO o.a.j.r.d.ReportGenerator: Reading report generator properties from: C:\Training\PlaywrightTrainings\May_2026\playwright-tdd-framework\tests\load\jmeter\bin\reportgenerator.properties
2026-07-22 09:42:48,068 INFO o.a.j.r.d.ReportGenerator: Merging with JMeter properties
2026-07-22 09:42:48,072 INFO o.a.j.r.c.ReportGeneratorConfiguration: Property 'jmeter.reportgenerator.temp_dir' not found, using default value 'temp' instead.
2026-07-22 09:42:48,076 INFO o.a.j.r.c.ReportGeneratorConfiguration: Property 'jmeter.reportgenerator.apdex_per_transaction' not found, using default value 'null' instead.
2026-07-22 09:42:48,079 INFO o.a.j.r.c.ReportGeneratorConfiguration: apdex_per_transaction is empty, not APDEX per transaction customization
2026-07-22 09:42:48,079 INFO o.a.j.r.c.ReportGeneratorConfiguration: Property 'jmeter.reportgenerator.sample_filter' not found, using default value 'null' instead.
2026-07-22 09:42:48,079 INFO o.a.j.r.c.ReportGeneratorConfiguration: Property 'jmeter.reportgenerator.report_title' not found, using default value 'null' instead.
2026-07-22 09:42:48,079 INFO o.a.j.r.c.ReportGeneratorConfiguration: Property 'jmeter.reportgenerator.start_date' not found, using default value 'null' instead.
2026-07-22 09:42:48,079 INFO o.a.j.r.c.ReportGeneratorConfiguration: Property 'jmeter.reportgenerator.end_date' not found, using default value 'null' instead.
2026-07-22 09:42:48,081 INFO o.a.j.r.c.ReportGeneratorConfiguration: Property 'jmeter.reportgenerator.date_format' not found, using default value 'null' instead.
2026-07-22 09:42:48,081 INFO o.a.j.r.c.ReportGeneratorConfiguration: Will use date range start date: null, end date: null
2026-07-22 09:42:48,084 INFO o.a.j.r.c.ReportGeneratorConfiguration: Property 'jmeter.reportgenerator.graph.totalTPS.exclude_controllers' not found, using default value 'false' instead.
2026-07-22 09:42:48,084 INFO o.a.j.r.c.ReportGeneratorConfiguration: Property 'jmeter.reportgenerator.graph.activeThreadsOverTime.exclude_controllers' not found, using default value 'false' instead.
2026-07-22 09:42:48,084 INFO o.a.j.r.c.ReportGeneratorConfiguration: Property 'jmeter.reportgenerator.graph.timeVsThreads.exclude_controllers' not found, using default value 'false' instead.
2026-07-22 09:42:48,084 INFO o.a.j.r.c.ReportGeneratorConfiguration: Property 'jmeter.reportgenerator.graph.responseTimeDistribution.exclude_controllers' not found, using default value 'false' instead.
2026-07-22 09:42:48,084 INFO o.a.j.r.c.ReportGeneratorConfiguration: Property 'jmeter.reportgenerator.graph.transactionsPerSecond.exclude_controllers' not found, using default value 'false' instead.
2026-07-22 09:42:48,084 INFO o.a.j.r.c.ReportGeneratorConfiguration: Property 'jmeter.reportgenerator.graph.responseTimePercentiles.exclude_controllers' not found, using default value 'false' instead.
2026-07-22 09:42:48,085 INFO o.a.j.r.c.ReportGeneratorConfiguration: Property 'jmeter.reportgenerator.graph.responseTimePercentilesOverTime.exclude_controllers' not found, using default value 'false' instead.
2026-07-22 09:42:48,085 INFO o.a.j.r.c.ReportGeneratorConfiguration: Property 'jmeter.reportgenerator.graph.responseTimesOverTime.exclude_controllers' not found, using default value 'false' instead.
2026-07-22 09:42:48,085 INFO o.a.j.r.c.ReportGeneratorConfiguration: Property 'jmeter.reportgenerator.graph.connectTimeOverTime.exclude_controllers' not found, using default value 'false' instead.
2026-07-22 09:42:48,085 INFO o.a.j.r.c.ReportGeneratorConfiguration: Property 'jmeter.reportgenerator.graph.latenciesOverTime.exclude_controllers' not found, using default value 'false' instead.
2026-07-22 09:42:48,086 INFO o.a.j.r.c.ReportGeneratorConfiguration: Property 'jmeter.reportgenerator.exporter.json.filters_only_sample_series' not found, using default value 'true' instead.
2026-07-22 09:42:48,086 INFO o.a.j.r.c.ReportGeneratorConfiguration: Property 'jmeter.reportgenerator.exporter.json.series_filter' not found, using default value '' instead.
2026-07-22 09:42:48,086 INFO o.a.j.r.c.ReportGeneratorConfiguration: Property 'jmeter.reportgenerator.exporter.json.show_controllers_only' not found, using default value 'false' instead.
2026-07-22 09:42:48,086 INFO o.a.j.r.c.ReportGeneratorConfiguration: Property 'jmeter.reportgenerator.exporter.html.filters_only_sample_series' not found, using default value 'true' instead.
2026-07-22 09:42:48,086 INFO o.a.j.r.c.ReportGeneratorConfiguration: Property 'jmeter.reportgenerator.exporter.html.series_filter' not found, using default value '' instead.
2026-07-22 09:42:48,086 INFO o.a.j.r.c.ReportGeneratorConfiguration: Property 'jmeter.reportgenerator.exporter.html.show_controllers_only' not found, using default value 'false' instead.
2026-07-22 09:42:48,312 INFO o.a.j.s.SaveService: Testplan (JMX) version: 2.2. Testlog (JTL) version: 2.2
2026-07-22 09:42:48,325 INFO o.a.j.s.SaveService: Using SaveService properties version 5.0
2026-07-22 09:42:48,328 INFO o.a.j.s.SaveService: Using SaveService properties file encoding UTF-8
2026-07-22 09:42:48,343 INFO o.a.j.r.p.NormalizerSampleConsumer: Using format, 'ms', to parse timeStamp field
2026-07-22 09:42:48,495 INFO o.a.j.r.p.AbstractSampleConsumer: class org.apache.jmeter.report.processor.AggregateConsumer#stopProducing(): beginDate produced 0 samples
2026-07-22 09:42:48,495 INFO o.a.j.r.p.AbstractSampleConsumer: class org.apache.jmeter.report.processor.AggregateConsumer#stopProducing(): endDate produced 0 samples
2026-07-22 09:42:48,497 INFO o.a.j.r.p.AbstractSampleConsumer: class org.apache.jmeter.report.processor.ApdexSummaryConsumer#stopProducing(): apdexSummary produced 0 samples
2026-07-22 09:42:48,497 INFO o.a.j.r.p.AbstractSampleConsumer: class org.apache.jmeter.report.processor.RequestsSummaryConsumer#stopProducing(): requestsSummary produced 0 samples
2026-07-22 09:42:48,506 INFO o.a.j.r.p.AbstractSampleConsumer: class org.apache.jmeter.report.processor.StatisticsSummaryConsumer#stopProducing(): statisticsSummary produced 0 samples
2026-07-22 09:42:48,508 INFO o.a.j.r.p.AbstractSampleConsumer: class org.apache.jmeter.report.processor.Top5ErrorsBySamplerConsumer#stopProducing(): top5ErrorsBySampler produced 0 samples
2026-07-22 09:42:48,508 INFO o.a.j.r.p.AbstractSampleConsumer: class org.apache.jmeter.report.processor.ErrorsSummaryConsumer#stopProducing(): errorsSummary produced 0 samples
2026-07-22 09:42:48,508 INFO o.a.j.r.p.AbstractSampleConsumer: class org.apache.jmeter.report.processor.graph.impl.HitsPerSecondGraphConsumer#stopProducing(): hitsPerSecond produced 0 samples
2026-07-22 09:42:48,586 INFO o.a.j.r.p.AbstractSampleConsumer: class org.apache.jmeter.report.processor.graph.impl.LatencyVSRequestGraphConsumer#stopProducing(): latencyVsRequest produced 0 samples
2026-07-22 09:42:48,587 INFO o.a.j.r.p.AbstractSampleConsumer: class org.apache.jmeter.report.processor.graph.impl.SyntheticResponseTimeDistributionGraphConsumer#stopProducing(): syntheticResponseTimeDistribution produced 0 samples
2026-07-22 09:42:48,587 INFO o.a.j.r.p.AbstractSampleConsumer: class org.apache.jmeter.report.processor.graph.impl.BytesThroughputGraphConsumer#stopProducing(): bytesThroughputOverTime produced 0 samples
2026-07-22 09:42:48,587 INFO o.a.j.r.p.AbstractSampleConsumer: class org.apache.jmeter.report.processor.graph.impl.CodesPerSecondGraphConsumer#stopProducing(): codesPerSecond produced 0 samples
2026-07-22 09:42:48,608 INFO o.a.j.r.p.AbstractSampleConsumer: class org.apache.jmeter.report.processor.graph.impl.ResponseTimeVSRequestGraphConsumer#stopProducing(): responseTimeVsRequest produced 0 samples
2026-07-22 09:42:48,609 INFO o.a.j.r.p.AbstractSampleConsumer: class org.apache.jmeter.report.processor.FilterConsumer#stopProducing(): startIntervalControlerFilter produced 8400 samples
2026-07-22 09:42:48,609 INFO o.a.j.r.p.AbstractSampleConsumer: class org.apache.jmeter.report.processor.graph.impl.TotalTPSGraphConsumer#stopProducing(): totalTPS produced 0 samples
2026-07-22 09:42:48,609 INFO o.a.j.r.p.AbstractSampleConsumer: class org.apache.jmeter.report.processor.graph.impl.ActiveThreadsGraphConsumer#stopProducing(): activeThreadsOverTime produced 0 samples
2026-07-22 09:42:48,610 INFO o.a.j.r.p.AbstractSampleConsumer: class org.apache.jmeter.report.processor.graph.impl.TimeVSThreadGraphConsumer#stopProducing(): timeVsThreads produced 0 samples
2026-07-22 09:42:48,610 INFO o.a.j.r.p.AbstractSampleConsumer: class org.apache.jmeter.report.processor.graph.impl.ResponseTimeDistributionGraphConsumer#stopProducing(): responseTimeDistribution produced 0 samples
2026-07-22 09:42:48,610 INFO o.a.j.r.p.AbstractSampleConsumer: class org.apache.jmeter.report.processor.graph.impl.TransactionsPerSecondGraphConsumer#stopProducing(): transactionsPerSecond produced 0 samples
2026-07-22 09:42:48,610 INFO o.a.j.r.p.AbstractSampleConsumer: class org.apache.jmeter.report.processor.graph.impl.ResponseTimePercentilesGraphConsumer#stopProducing(): responseTimePercentiles produced 0 samples
2026-07-22 09:42:48,614 INFO o.a.j.r.p.AbstractSampleConsumer: class org.apache.jmeter.report.processor.graph.impl.ResponseTimePercentilesOverTimeGraphConsumer#stopProducing(): responseTimePercentilesOverTime produced 0 samples
2026-07-22 09:42:48,615 INFO o.a.j.r.p.AbstractSampleConsumer: class org.apache.jmeter.report.processor.graph.impl.ResponseTimeOverTimeGraphConsumer#stopProducing(): responseTimesOverTime produced 0 samples
2026-07-22 09:42:48,615 INFO o.a.j.r.p.AbstractSampleConsumer: class org.apache.jmeter.report.processor.graph.impl.ConnectTimeOverTimeGraphConsumer#stopProducing(): connectTimeOverTime produced 0 samples
2026-07-22 09:42:48,615 INFO o.a.j.r.p.AbstractSampleConsumer: class org.apache.jmeter.report.processor.graph.impl.LatencyOverTimeGraphConsumer#stopProducing(): latenciesOverTime produced 0 samples
2026-07-22 09:42:48,616 INFO o.a.j.r.p.AbstractSampleConsumer: class org.apache.jmeter.report.processor.FilterConsumer#stopProducing(): nameFilter produced 18000 samples
2026-07-22 09:42:48,616 INFO o.a.j.r.p.AbstractSampleConsumer: class org.apache.jmeter.report.processor.FilterConsumer#stopProducing(): dateRangeFilter produced 3600 samples
2026-07-22 09:42:48,616 INFO o.a.j.r.p.AbstractSampleConsumer: class org.apache.jmeter.report.processor.NormalizerSampleConsumer#stopProducing(): normalizer produced 1200 samples
2026-07-22 09:42:48,617 INFO o.a.j.r.p.CsvFileSampleSource: produce(): 1200 samples produced in 252ms on channel 0
2026-07-22 09:42:48,617 INFO o.a.j.r.d.ReportGenerator: Exporting data using exporter:'json' of className:'org.apache.jmeter.report.dashboard.JsonExporter'
2026-07-22 09:42:48,717 INFO o.a.j.r.d.JsonExporter: Found data for consumer statisticsSummary in context
2026-07-22 09:42:48,717 INFO o.a.j.r.d.JsonExporter: Creating statistics for overall
2026-07-22 09:42:48,718 INFO o.a.j.r.d.JsonExporter: Creating statistics for other transactions
2026-07-22 09:42:48,718 INFO o.a.j.r.d.JsonExporter: Checking output folder
2026-07-22 09:42:48,718 INFO o.a.j.r.d.JsonExporter: Writing statistics JSON to C:\Training\PlaywrightTrainings\May_2026\playwright-tdd-framework\tests\load\jmeter\report-output\statistics.json
2026-07-22 09:42:48,776 INFO o.a.j.r.d.ReportGenerator: Exporting data using exporter:'html' of className:'org.apache.jmeter.report.dashboard.HtmlTemplateExporter'
2026-07-22 09:42:48,782 INFO o.a.j.r.d.HtmlTemplateExporter: Will generate dashboard in folder: C:\Training\PlaywrightTrainings\May_2026\playwright-tdd-framework\tests\load\jmeter\report-output
2026-07-22 09:42:48,957 INFO o.a.j.r.d.HtmlTemplateExporter: Report will be generated in: C:\Training\PlaywrightTrainings\May_2026\playwright-tdd-framework\tests\load\jmeter\report-output, creating folder structure
2026-07-22 09:42:48,962 INFO o.a.j.r.d.TemplateVisitor: Copying folder from 'C:\Training\PlaywrightTrainings\May_2026\playwright-tdd-framework\tests\load\jmeter\bin\report-template' to 'C:\Training\PlaywrightTrainings\May_2026\playwright-tdd-framework\tests\load\jmeter\report-output', got message: C:\Training\PlaywrightTrainings\May_2026\playwright-tdd-framework\tests\load\jmeter\report-output, found non empty folder with following content [C:\Training\PlaywrightTrainings\May_2026\playwright-tdd-framework\tests\load\jmeter\report-output\statistics.json], will be ignored
